c:\users\peter cyprich\programming\cpp\cppinvaders\cppinvaders\x64\debug\vc143.pdb
c:\users\peter cyprich\programming\cpp\cppinvaders\cppinvaders\x64\debug\vc143.idb
c:\users\peter cyprich\programming\cpp\cppinvaders\cppinvaders\x64\debug\spaceship.obj
c:\users\peter cyprich\programming\cpp\cppinvaders\cppinvaders\x64\debug\cppinvaders.obj
c:\users\peter cyprich\programming\cpp\cppinvaders\x64\debug\raylib.dll
c:\users\peter cyprich\programming\cpp\cppinvaders\cppinvaders\x64\debug\cppinvaders.ilk
c:\users\peter cyprich\programming\cpp\cppinvaders\cppinvaders\x64\debug\cppinvaders.pdb
c:\users\peter cyprich\programming\cpp\cppinvaders\x64\debug\cppinvaders.pdb
c:\users\peter cyprich\programming\cpp\cppinvaders\cppinvaders\x64\debug\cppinvaders.tlog\cl.command.1.tlog
c:\users\peter cyprich\programming\cpp\cppinvaders\cppinvaders\x64\debug\cppinvaders.tlog\cl.items.tlog
c:\users\peter cyprich\programming\cpp\cppinvaders\cppinvaders\x64\debug\cppinvaders.tlog\cl.read.1.tlog
c:\users\peter cyprich\programming\cpp\cppinvaders\cppinvaders\x64\debug\cppinvaders.tlog\cl.write.1.tlog
c:\users\peter cyprich\programming\cpp\cppinvaders\cppinvaders\x64\debug\cppinvaders.tlog\cppinvaders.write.1u.tlog
c:\users\peter cyprich\programming\cpp\cppinvaders\cppinvaders\x64\debug\cppinvaders.tlog\link-cvtres.read.1.tlog
c:\users\peter cyprich\programming\cpp\cppinvaders\cppinvaders\x64\debug\cppinvaders.tlog\link-cvtres.write.1.tlog
c:\users\peter cyprich\programming\cpp\cppinvaders\cppinvaders\x64\debug\cppinvaders.tlog\link-rc.read.1.tlog
c:\users\peter cyprich\programming\cpp\cppinvaders\cppinvaders\x64\debug\cppinvaders.tlog\link-rc.write.1.tlog
c:\users\peter cyprich\programming\cpp\cppinvaders\cppinvaders\x64\debug\cppinvaders.tlog\link.19288-cvtres.read.1.tlog
c:\users\peter cyprich\programming\cpp\cppinvaders\cppinvaders\x64\debug\cppinvaders.tlog\link.19288-cvtres.write.1.tlog
c:\users\peter cyprich\programming\cpp\cppinvaders\cppinvaders\x64\debug\cppinvaders.tlog\link.19288-rc.read.1.tlog
c:\users\peter cyprich\programming\cpp\cppinvaders\cppinvaders\x64\debug\cppinvaders.tlog\link.19288-rc.write.1.tlog
c:\users\peter cyprich\programming\cpp\cppinvaders\cppinvaders\x64\debug\cppinvaders.tlog\link.19288.read.1.tlog
c:\users\peter cyprich\programming\cpp\cppinvaders\cppinvaders\x64\debug\cppinvaders.tlog\link.19288.read.2.tlog
c:\users\peter cyprich\programming\cpp\cppinvaders\cppinvaders\x64\debug\cppinvaders.tlog\link.19288.read.3.tlog
c:\users\peter cyprich\programming\cpp\cppinvaders\cppinvaders\x64\debug\cppinvaders.tlog\link.19288.read.4.tlog
c:\users\peter cyprich\programming\cpp\cppinvaders\cppinvaders\x64\debug\cppinvaders.tlog\link.19288.write.1.tlog
c:\users\peter cyprich\programming\cpp\cppinvaders\cppinvaders\x64\debug\cppinvaders.tlog\link.command.1.tlog
c:\users\peter cyprich\programming\cpp\cppinvaders\cppinvaders\x64\debug\cppinvaders.tlog\link.read.1.tlog
c:\users\peter cyprich\programming\cpp\cppinvaders\cppinvaders\x64\debug\cppinvaders.tlog\link.read.2.tlog
c:\users\peter cyprich\programming\cpp\cppinvaders\cppinvaders\x64\debug\cppinvaders.tlog\link.read.3.tlog
c:\users\peter cyprich\programming\cpp\cppinvaders\cppinvaders\x64\debug\cppinvaders.tlog\link.read.4.tlog
c:\users\peter cyprich\programming\cpp\cppinvaders\cppinvaders\x64\debug\cppinvaders.tlog\link.secondary.1.tlog
c:\users\peter cyprich\programming\cpp\cppinvaders\cppinvaders\x64\debug\cppinvaders.tlog\link.write.1.tlog
